<?xml version="1.0" encoding="UTF-8"?>
<testsuite xmlns:xsi="http://www.w3.org/2001/XMLSchema-instance" xsi:schemaLocation="https://maven.apache.org/surefire/maven-surefire-plugin/xsd/surefire-test-report.xsd" name="com.testing.class11.LoginParamTest" time="0.008" tests="6" errors="0" skipped="0" failures="2">
  <properties>
[...]
</properties>
  <testcase name="testLogin[用户名是Roy时，执行结果预期是登录成功]" classname="com.testing.class11.LoginParamTest" time="0.003"/>
  <testcase name="testLogin[用户名是null时，执行结果预期是为空]" classname="com.testing.class11.LoginParamTest" time="0.001"/>
  <testcase name="testLogin[用户名是r时，执行结果预期是3-16位]" classname="com.testing.class11.LoginParamTest" time="0.001"/>
  <testcase name="testLogin[用户名是ro时，执行结果预期是4-16位]" classname="com.testing.class11.LoginParamTest" time="0.001">
    <failure type="java.lang.AssertionError">java.lang.AssertionError
	at com.testing.class11.LoginParamTest.testLogin(LoginParamTest.java:46)
</failure>
    <system-out><![CDATA[用户名密码长度应是3-16位！
]]></system-out>
  </testcase>
  <testcase name="testLogin[用户名是时，执行结果预期是3-17位]" classname="com.testing.class11.LoginParamTest" time="0.001">
    <failure type="java.lang.AssertionError">java.lang.AssertionError
	at com.testing.class11.LoginParamTest.testLogin(LoginParamTest.java:46)
</failure>
    <system-out><![CDATA[用户名密码长度应是3-16位！
]]></system-out>
  </testcase>
  <testcase name="testLogin[用户名是royy时，执行结果预期是错误]" classname="com.testing.class11.LoginParamTest" time="0.001"/>
</testsuite>